Backend error message
---------------------
AttemptID:attempt_1416712631288_0482_m_000001_0 Info:Error: org.apache.pig.backend.executionengine.ExecException: ERROR 0: Exception while executing (Name: join_record_temp: Local Rearrange[tuple]{chararray}(false) - scope-32 Operator Key: scope-32): org.apache.pig.backend.executionengine.ExecException: ERROR 1074: Problem with formatting. Could not convert Mark P. O. Morford to Integer.
	at org.apache.pig.backend.hadoop.executionengine.physicalLayer.PhysicalOperator.processInput(PhysicalOperator.java:289)
	at org.apache.pig.backend.hadoop.executionengine.physicalLayer.relationalOperators.POLocalRearrange.getNextTuple(POLocalRearrange.java:263)
	at org.apache.pig.backend.hadoop.executionengine.physicalLayer.relationalOperators.POUnion.getNextTuple(POUnion.java:167)
	at org.apache.pig.backend.hadoop.executionengine.mapReduceLayer.PigGenericMapBase.runPipeline(PigGenericMapBase.java:282)
	at org.apache.pig.backend.hadoop.executionengine.mapReduceLayer.PigGenericMapBase.map(PigGenericMapBase.java:277)
	at org.apache.pig.backend.hadoop.executionengine.mapReduceLayer.PigGenericMapBase.map(PigGenericMapBase.java:64)
	at org.apache.hadoop.mapreduce.Mapper.run(Mapper.java:145)
	at org.apache.hadoop.mapred.MapTask.runNewMapper(MapTask.java:763)
	at org.apache.hadoop.mapred.MapTask.run(MapTask.java:339)
	at org.apache.hadoop.mapred.YarnChild$2.run(YarnChild.java:162)
	at java.security.AccessController.doPrivileged(Native Method)
	at javax.security.auth.Subject.doAs(Subject.java:415)
	at org.apache.hadoop.security.UserGroupInformation.doAs(UserGroupInformation.java:1491)
	at org.apache.hadoop.mapred.YarnChild.main(YarnChild.java:157)
Caused by: org.apache.pig.backend.executionengine.ExecException: ERROR 1074: Problem with formatting. Could not convert Mark P. O. Morford to Integer.
	at org.apache.pig.data.DataType.toInteger(DataType.java:790)
	at org.apache.pig.backend.hadoop.executionengine.physicalLayer.expressionOperators.POCast.getNextInteger(POCast.java:499)
	at org.apache.pig.backend.hadoop.executionengine.physicalLayer.PhysicalOperator.getNext(PhysicalOperator.java:321)
	at org.apache.pig.backend.hadoop.executionengine.physicalLayer.relationalOperators.POForEach.processPlan(POForEach.java:378)
	at org.apache.pig.backend.hadoop.executionengine.physicalLayer.relationalOperators.POForEach.getNextTuple(POForEach.java:298)
	at org.apache.pig.backend.hadoop.executionengine.physicalLayer.PhysicalOperator.processInput(PhysicalOperator.java:281)
	... 13 more
Caused by: java.lang.NumberFormatException: For input string: "Mark P. O. Morford"
	at java.lang.NumberFormatException.forInputString(NumberFormatException.java:65)
	at java.lang.Integer.parseInt(Integer.java:492)
	at java.lang.Integer.valueOf(Integer.java:582)
	at org.apache.pig.data.DataType.toInteger(DataType.java:758)
	... 18 more

Backend error message
---------------------
AttemptID:attempt_1416712631288_0482_m_000001_0 Info:Container killed by the ApplicationMaster.
Container killed on request. Exit code is 143

Backend error message
---------------------
AttemptID:attempt_1416712631288_0482_m_000001_1 Info:Error: org.apache.pig.backend.executionengine.ExecException: ERROR 0: Exception while executing (Name: join_record_temp: Local Rearrange[tuple]{chararray}(false) - scope-32 Operator Key: scope-32): org.apache.pig.backend.executionengine.ExecException: ERROR 1074: Problem with formatting. Could not convert Mark P. O. Morford to Integer.
	at org.apache.pig.backend.hadoop.executionengine.physicalLayer.PhysicalOperator.processInput(PhysicalOperator.java:289)
	at org.apache.pig.backend.hadoop.executionengine.physicalLayer.relationalOperators.POLocalRearrange.getNextTuple(POLocalRearrange.java:263)
	at org.apache.pig.backend.hadoop.executionengine.physicalLayer.relationalOperators.POUnion.getNextTuple(POUnion.java:167)
	at org.apache.pig.backend.hadoop.executionengine.mapReduceLayer.PigGenericMapBase.runPipeline(PigGenericMapBase.java:282)
	at org.apache.pig.backend.hadoop.executionengine.mapReduceLayer.PigGenericMapBase.map(PigGenericMapBase.java:277)
	at org.apache.pig.backend.hadoop.executionengine.mapReduceLayer.PigGenericMapBase.map(PigGenericMapBase.java:64)
	at org.apache.hadoop.mapreduce.Mapper.run(Mapper.java:145)
	at org.apache.hadoop.mapred.MapTask.runNewMapper(MapTask.java:763)
	at org.apache.hadoop.mapred.MapTask.run(MapTask.java:339)
	at org.apache.hadoop.mapred.YarnChild$2.run(YarnChild.java:162)
	at java.security.AccessController.doPrivileged(Native Method)
	at javax.security.auth.Subject.doAs(Subject.java:415)
	at org.apache.hadoop.security.UserGroupInformation.doAs(UserGroupInformation.java:1491)
	at org.apache.hadoop.mapred.YarnChild.main(YarnChild.java:157)
Caused by: org.apache.pig.backend.executionengine.ExecException: ERROR 1074: Problem with formatting. Could not convert Mark P. O. Morford to Integer.
	at org.apache.pig.data.DataType.toInteger(DataType.java:790)
	at org.apache.pig.backend.hadoop.executionengine.physicalLayer.expressionOperators.POCast.getNextInteger(POCast.java:499)
	at org.apache.pig.backend.hadoop.executionengine.physicalLayer.PhysicalOperator.getNext(PhysicalOperator.java:321)
	at org.apache.pig.backend.hadoop.executionengine.physicalLayer.relationalOperators.POForEach.processPlan(POForEach.java:378)
	at org.apache.pig.backend.hadoop.executionengine.physicalLayer.relationalOperators.POForEach.getNextTuple(POForEach.java:298)
	at org.apache.pig.backend.hadoop.executionengine.physicalLayer.PhysicalOperator.processInput(PhysicalOperator.java:281)
	... 13 more
Caused by: java.lang.NumberFormatException: For input string: "Mark P. O. Morford"
	at java.lang.NumberFormatException.forInputString(NumberFormatException.java:65)
	at java.lang.Integer.parseInt(Integer.java:492)
	at java.lang.Integer.valueOf(Integer.java:582)
	at org.apache.pig.data.DataType.toInteger(DataType.java:758)
	... 18 more

Backend error message
---------------------
AttemptID:attempt_1416712631288_0482_m_000001_1 Info:Container killed by the ApplicationMaster.
Container killed on request. Exit code is 143

Backend error message
---------------------
AttemptID:attempt_1416712631288_0482_m_000001_2 Info:Error: org.apache.pig.backend.executionengine.ExecException: ERROR 0: Exception while executing (Name: join_record_temp: Local Rearrange[tuple]{chararray}(false) - scope-32 Operator Key: scope-32): org.apache.pig.backend.executionengine.ExecException: ERROR 1074: Problem with formatting. Could not convert Mark P. O. Morford to Integer.
	at org.apache.pig.backend.hadoop.executionengine.physicalLayer.PhysicalOperator.processInput(PhysicalOperator.java:289)
	at org.apache.pig.backend.hadoop.executionengine.physicalLayer.relationalOperators.POLocalRearrange.getNextTuple(POLocalRearrange.java:263)
	at org.apache.pig.backend.hadoop.executionengine.physicalLayer.relationalOperators.POUnion.getNextTuple(POUnion.java:167)
	at org.apache.pig.backend.hadoop.executionengine.mapReduceLayer.PigGenericMapBase.runPipeline(PigGenericMapBase.java:282)
	at org.apache.pig.backend.hadoop.executionengine.mapReduceLayer.PigGenericMapBase.map(PigGenericMapBase.java:277)
	at org.apache.pig.backend.hadoop.executionengine.mapReduceLayer.PigGenericMapBase.map(PigGenericMapBase.java:64)
	at org.apache.hadoop.mapreduce.Mapper.run(Mapper.java:145)
	at org.apache.hadoop.mapred.MapTask.runNewMapper(MapTask.java:763)
	at org.apache.hadoop.mapred.MapTask.run(MapTask.java:339)
	at org.apache.hadoop.mapred.YarnChild$2.run(YarnChild.java:162)
	at java.security.AccessController.doPrivileged(Native Method)
	at javax.security.auth.Subject.doAs(Subject.java:415)
	at org.apache.hadoop.security.UserGroupInformation.doAs(UserGroupInformation.java:1491)
	at org.apache.hadoop.mapred.YarnChild.main(YarnChild.java:157)
Caused by: org.apache.pig.backend.executionengine.ExecException: ERROR 1074: Problem with formatting. Could not convert Mark P. O. Morford to Integer.
	at org.apache.pig.data.DataType.toInteger(DataType.java:790)
	at org.apache.pig.backend.hadoop.executionengine.physicalLayer.expressionOperators.POCast.getNextInteger(POCast.java:499)
	at org.apache.pig.backend.hadoop.executionengine.physicalLayer.PhysicalOperator.getNext(PhysicalOperator.java:321)
	at org.apache.pig.backend.hadoop.executionengine.physicalLayer.relationalOperators.POForEach.processPlan(POForEach.java:378)
	at org.apache.pig.backend.hadoop.executionengine.physicalLayer.relationalOperators.POForEach.getNextTuple(POForEach.java:298)
	at org.apache.pig.backend.hadoop.executionengine.physicalLayer.PhysicalOperator.processInput(PhysicalOperator.java:281)
	... 13 more
Caused by: java.lang.NumberFormatException: For input string: "Mark P. O. Morford"
	at java.lang.NumberFormatException.forInputString(NumberFormatException.java:65)
	at java.lang.Integer.parseInt(Integer.java:492)
	at java.lang.Integer.valueOf(Integer.java:582)
	at org.apache.pig.data.DataType.toInteger(DataType.java:758)
	... 18 more

Backend error message
---------------------
AttemptID:attempt_1416712631288_0482_m_000001_2 Info:Container killed by the ApplicationMaster.
Container killed on request. Exit code is 143

Backend error message
---------------------
AttemptID:attempt_1416712631288_0482_m_000001_3 Info:Error: org.apache.pig.backend.executionengine.ExecException: ERROR 0: Exception while executing (Name: join_record_temp: Local Rearrange[tuple]{chararray}(false) - scope-32 Operator Key: scope-32): org.apache.pig.backend.executionengine.ExecException: ERROR 1074: Problem with formatting. Could not convert Mark P. O. Morford to Integer.
	at org.apache.pig.backend.hadoop.executionengine.physicalLayer.PhysicalOperator.processInput(PhysicalOperator.java:289)
	at org.apache.pig.backend.hadoop.executionengine.physicalLayer.relationalOperators.POLocalRearrange.getNextTuple(POLocalRearrange.java:263)
	at org.apache.pig.backend.hadoop.executionengine.physicalLayer.relationalOperators.POUnion.getNextTuple(POUnion.java:167)
	at org.apache.pig.backend.hadoop.executionengine.mapReduceLayer.PigGenericMapBase.runPipeline(PigGenericMapBase.java:282)
	at org.apache.pig.backend.hadoop.executionengine.mapReduceLayer.PigGenericMapBase.map(PigGenericMapBase.java:277)
	at org.apache.pig.backend.hadoop.executionengine.mapReduceLayer.PigGenericMapBase.map(PigGenericMapBase.java:64)
	at org.apache.hadoop.mapreduce.Mapper.run(Mapper.java:145)
	at org.apache.hadoop.mapred.MapTask.runNewMapper(MapTask.java:763)
	at org.apache.hadoop.mapred.MapTask.run(MapTask.java:339)
	at org.apache.hadoop.mapred.YarnChild$2.run(YarnChild.java:162)
	at java.security.AccessController.doPrivileged(Native Method)
	at javax.security.auth.Subject.doAs(Subject.java:415)
	at org.apache.hadoop.security.UserGroupInformation.doAs(UserGroupInformation.java:1491)
	at org.apache.hadoop.mapred.YarnChild.main(YarnChild.java:157)
Caused by: org.apache.pig.backend.executionengine.ExecException: ERROR 1074: Problem with formatting. Could not convert Mark P. O. Morford to Integer.
	at org.apache.pig.data.DataType.toInteger(DataType.java:790)
	at org.apache.pig.backend.hadoop.executionengine.physicalLayer.expressionOperators.POCast.getNextInteger(POCast.java:499)
	at org.apache.pig.backend.hadoop.executionengine.physicalLayer.PhysicalOperator.getNext(PhysicalOperator.java:321)
	at org.apache.pig.backend.hadoop.executionengine.physicalLayer.relationalOperators.POForEach.processPlan(POForEach.java:378)
	at org.apache.pig.backend.hadoop.executionengine.physicalLayer.relationalOperators.POForEach.getNextTuple(POForEach.java:298)
	at org.apache.pig.backend.hadoop.executionengine.physicalLayer.PhysicalOperator.processInput(PhysicalOperator.java:281)
	... 13 more
Caused by: java.lang.NumberFormatException: For input string: "Mark P. O. Morford"
	at java.lang.NumberFormatException.forInputString(NumberFormatException.java:65)
	at java.lang.Integer.parseInt(Integer.java:492)
	at java.lang.Integer.valueOf(Integer.java:582)
	at org.apache.pig.data.DataType.toInteger(DataType.java:758)
	... 18 more

Error message from task (map) task_1416712631288_0482_m_000001
--------------------------------------------------------------
ERROR 1074: Problem with formatting. Could not convert Mark P. O. Morford to Integer.

org.apache.pig.backend.executionengine.ExecException: ERROR 0: Exception while executing (Name: join_record_temp: Local Rearrange[tuple]{chararray}(false) - scope-32 Operator Key: scope-32): org.apache.pig.backend.executionengine.ExecException: ERROR 1074: Problem with formatting. Could not convert Mark P. O. Morford to Integer.
	at org.apache.pig.backend.hadoop.executionengine.physicalLayer.PhysicalOperator.processInput(PhysicalOperator.java:289)
	at org.apache.pig.backend.hadoop.executionengine.physicalLayer.relationalOperators.POLocalRearrange.getNextTuple(POLocalRearrange.java:263)
	at org.apache.pig.backend.hadoop.executionengine.physicalLayer.relationalOperators.POUnion.getNextTuple(POUnion.java:167)
	at org.apache.pig.backend.hadoop.executionengine.mapReduceLayer.PigGenericMapBase.runPipeline(PigGenericMapBase.java:282)
	at org.apache.pig.backend.hadoop.executionengine.mapReduceLayer.PigGenericMapBase.map(PigGenericMapBase.java:277)
	at org.apache.pig.backend.hadoop.executionengine.mapReduceLayer.PigGenericMapBase.map(PigGenericMapBase.java:64)
	at org.apache.hadoop.mapreduce.Mapper.run(Mapper.java:145)
	at org.apache.hadoop.mapred.MapTask.runNewMapper(MapTask.java:763)
	at org.apache.hadoop.mapred.MapTask.run(MapTask.java:339)
	at org.apache.hadoop.mapred.YarnChild$2.run(YarnChild.java:162)
	at java.security.AccessController.doPrivileged(Native Method)
	at javax.security.auth.Subject.doAs(Subject.java:415)
	at org.apache.hadoop.security.UserGroupInformation.doAs(UserGroupInformation.java:1491)
	at org.apache.hadoop.mapred.YarnChild.main(YarnChild.java:157)
Caused by: org.apache.pig.backend.executionengine.ExecException: ERROR 1074: Problem with formatting. Could not convert Mark P. O. Morford to Integer.
	at org.apache.pig.data.DataType.toInteger(DataType.java:790)
	at org.apache.pig.backend.hadoop.executionengine.physicalLayer.expressionOperators.POCast.getNextInteger(POCast.java:499)
	at org.apache.pig.backend.hadoop.executionengine.physicalLayer.PhysicalOperator.getNext(PhysicalOperator.java:321)
	at org.apache.pig.backend.hadoop.executionengine.physicalLayer.relationalOperators.POForEach.processPlan(POForEach.java:378)
	at org.apache.pig.backend.hadoop.executionengine.physicalLayer.relationalOperators.POForEach.getNextTuple(POForEach.java:298)
	at org.apache.pig.backend.hadoop.executionengine.physicalLayer.PhysicalOperator.processInput(PhysicalOperator.java:281)
Caused by: java.lang.NumberFormatException: For input string: "Mark P. O. Morford"
	at java.lang.NumberFormatException.forInputString(NumberFormatException.java:65)
	at java.lang.Integer.parseInt(Integer.java:492)
	at java.lang.Integer.valueOf(Integer.java:582)
	at org.apache.pig.data.DataType.toInteger(DataType.java:758)
================================================================================
Error message from task (map) task_1416712631288_0482_m_000001
--------------------------------------------------------------
ERROR 1074: Problem with formatting. Could not convert Mark P. O. Morford to Integer.

org.apache.pig.backend.executionengine.ExecException: ERROR 0: Exception while executing (Name: join_record_temp: Local Rearrange[tuple]{chararray}(false) - scope-32 Operator Key: scope-32): org.apache.pig.backend.executionengine.ExecException: ERROR 1074: Problem with formatting. Could not convert Mark P. O. Morford to Integer.
	at org.apache.pig.backend.hadoop.executionengine.physicalLayer.PhysicalOperator.processInput(PhysicalOperator.java:289)
	at org.apache.pig.backend.hadoop.executionengine.physicalLayer.relationalOperators.POLocalRearrange.getNextTuple(POLocalRearrange.java:263)
	at org.apache.pig.backend.hadoop.executionengine.physicalLayer.relationalOperators.POUnion.getNextTuple(POUnion.java:167)
	at org.apache.pig.backend.hadoop.executionengine.mapReduceLayer.PigGenericMapBase.runPipeline(PigGenericMapBase.java:282)
	at org.apache.pig.backend.hadoop.executionengine.mapReduceLayer.PigGenericMapBase.map(PigGenericMapBase.java:277)
	at org.apache.pig.backend.hadoop.executionengine.mapReduceLayer.PigGenericMapBase.map(PigGenericMapBase.java:64)
	at org.apache.hadoop.mapreduce.Mapper.run(Mapper.java:145)
	at org.apache.hadoop.mapred.MapTask.runNewMapper(MapTask.java:763)
	at org.apache.hadoop.mapred.MapTask.run(MapTask.java:339)
	at org.apache.hadoop.mapred.YarnChild$2.run(YarnChild.java:162)
	at java.security.AccessController.doPrivileged(Native Method)
	at javax.security.auth.Subject.doAs(Subject.java:415)
	at org.apache.hadoop.security.UserGroupInformation.doAs(UserGroupInformation.java:1491)
	at org.apache.hadoop.mapred.YarnChild.main(YarnChild.java:157)
Caused by: org.apache.pig.backend.executionengine.ExecException: ERROR 1074: Problem with formatting. Could not convert Mark P. O. Morford to Integer.
	at org.apache.pig.data.DataType.toInteger(DataType.java:790)
	at org.apache.pig.backend.hadoop.executionengine.physicalLayer.expressionOperators.POCast.getNextInteger(POCast.java:499)
	at org.apache.pig.backend.hadoop.executionengine.physicalLayer.PhysicalOperator.getNext(PhysicalOperator.java:321)
	at org.apache.pig.backend.hadoop.executionengine.physicalLayer.relationalOperators.POForEach.processPlan(POForEach.java:378)
	at org.apache.pig.backend.hadoop.executionengine.physicalLayer.relationalOperators.POForEach.getNextTuple(POForEach.java:298)
	at org.apache.pig.backend.hadoop.executionengine.physicalLayer.PhysicalOperator.processInput(PhysicalOperator.java:281)
Caused by: java.lang.NumberFormatException: For input string: "Mark P. O. Morford"
	at java.lang.NumberFormatException.forInputString(NumberFormatException.java:65)
	at java.lang.Integer.parseInt(Integer.java:492)
	at java.lang.Integer.valueOf(Integer.java:582)
	at org.apache.pig.data.DataType.toInteger(DataType.java:758)
================================================================================
Error message from task (map) task_1416712631288_0482_m_000001
--------------------------------------------------------------
ERROR 1074: Problem with formatting. Could not convert Mark P. O. Morford to Integer.

org.apache.pig.backend.executionengine.ExecException: ERROR 0: Exception while executing (Name: join_record_temp: Local Rearrange[tuple]{chararray}(false) - scope-32 Operator Key: scope-32): org.apache.pig.backend.executionengine.ExecException: ERROR 1074: Problem with formatting. Could not convert Mark P. O. Morford to Integer.
	at org.apache.pig.backend.hadoop.executionengine.physicalLayer.PhysicalOperator.processInput(PhysicalOperator.java:289)
	at org.apache.pig.backend.hadoop.executionengine.physicalLayer.relationalOperators.POLocalRearrange.getNextTuple(POLocalRearrange.java:263)
	at org.apache.pig.backend.hadoop.executionengine.physicalLayer.relationalOperators.POUnion.getNextTuple(POUnion.java:167)
	at org.apache.pig.backend.hadoop.executionengine.mapReduceLayer.PigGenericMapBase.runPipeline(PigGenericMapBase.java:282)
	at org.apache.pig.backend.hadoop.executionengine.mapReduceLayer.PigGenericMapBase.map(PigGenericMapBase.java:277)
	at org.apache.pig.backend.hadoop.executionengine.mapReduceLayer.PigGenericMapBase.map(PigGenericMapBase.java:64)
	at org.apache.hadoop.mapreduce.Mapper.run(Mapper.java:145)
	at org.apache.hadoop.mapred.MapTask.runNewMapper(MapTask.java:763)
	at org.apache.hadoop.mapred.MapTask.run(MapTask.java:339)
	at org.apache.hadoop.mapred.YarnChild$2.run(YarnChild.java:162)
	at java.security.AccessController.doPrivileged(Native Method)
	at javax.security.auth.Subject.doAs(Subject.java:415)
	at org.apache.hadoop.security.UserGroupInformation.doAs(UserGroupInformation.java:1491)
	at org.apache.hadoop.mapred.YarnChild.main(YarnChild.java:157)
Caused by: org.apache.pig.backend.executionengine.ExecException: ERROR 1074: Problem with formatting. Could not convert Mark P. O. Morford to Integer.
	at org.apache.pig.data.DataType.toInteger(DataType.java:790)
	at org.apache.pig.backend.hadoop.executionengine.physicalLayer.expressionOperators.POCast.getNextInteger(POCast.java:499)
	at org.apache.pig.backend.hadoop.executionengine.physicalLayer.PhysicalOperator.getNext(PhysicalOperator.java:321)
	at org.apache.pig.backend.hadoop.executionengine.physicalLayer.relationalOperators.POForEach.processPlan(POForEach.java:378)
	at org.apache.pig.backend.hadoop.executionengine.physicalLayer.relationalOperators.POForEach.getNextTuple(POForEach.java:298)
	at org.apache.pig.backend.hadoop.executionengine.physicalLayer.PhysicalOperator.processInput(PhysicalOperator.java:281)
Caused by: java.lang.NumberFormatException: For input string: "Mark P. O. Morford"
	at java.lang.NumberFormatException.forInputString(NumberFormatException.java:65)
	at java.lang.Integer.parseInt(Integer.java:492)
	at java.lang.Integer.valueOf(Integer.java:582)
	at org.apache.pig.data.DataType.toInteger(DataType.java:758)
================================================================================
Error message from task (map) task_1416712631288_0482_m_000001
--------------------------------------------------------------
ERROR 1074: Problem with formatting. Could not convert Mark P. O. Morford to Integer.

org.apache.pig.backend.executionengine.ExecException: ERROR 0: Exception while executing (Name: join_record_temp: Local Rearrange[tuple]{chararray}(false) - scope-32 Operator Key: scope-32): org.apache.pig.backend.executionengine.ExecException: ERROR 1074: Problem with formatting. Could not convert Mark P. O. Morford to Integer.
	at org.apache.pig.backend.hadoop.executionengine.physicalLayer.PhysicalOperator.processInput(PhysicalOperator.java:289)
	at org.apache.pig.backend.hadoop.executionengine.physicalLayer.relationalOperators.POLocalRearrange.getNextTuple(POLocalRearrange.java:263)
	at org.apache.pig.backend.hadoop.executionengine.physicalLayer.relationalOperators.POUnion.getNextTuple(POUnion.java:167)
	at org.apache.pig.backend.hadoop.executionengine.mapReduceLayer.PigGenericMapBase.runPipeline(PigGenericMapBase.java:282)
	at org.apache.pig.backend.hadoop.executionengine.mapReduceLayer.PigGenericMapBase.map(PigGenericMapBase.java:277)
	at org.apache.pig.backend.hadoop.executionengine.mapReduceLayer.PigGenericMapBase.map(PigGenericMapBase.java:64)
	at org.apache.hadoop.mapreduce.Mapper.run(Mapper.java:145)
	at org.apache.hadoop.mapred.MapTask.runNewMapper(MapTask.java:763)
	at org.apache.hadoop.mapred.MapTask.run(MapTask.java:339)
	at org.apache.hadoop.mapred.YarnChild$2.run(YarnChild.java:162)
	at java.security.AccessController.doPrivileged(Native Method)
	at javax.security.auth.Subject.doAs(Subject.java:415)
	at org.apache.hadoop.security.UserGroupInformation.doAs(UserGroupInformation.java:1491)
	at org.apache.hadoop.mapred.YarnChild.main(YarnChild.java:157)
Caused by: org.apache.pig.backend.executionengine.ExecException: ERROR 1074: Problem with formatting. Could not convert Mark P. O. Morford to Integer.
	at org.apache.pig.data.DataType.toInteger(DataType.java:790)
	at org.apache.pig.backend.hadoop.executionengine.physicalLayer.expressionOperators.POCast.getNextInteger(POCast.java:499)
	at org.apache.pig.backend.hadoop.executionengine.physicalLayer.PhysicalOperator.getNext(PhysicalOperator.java:321)
	at org.apache.pig.backend.hadoop.executionengine.physicalLayer.relationalOperators.POForEach.processPlan(POForEach.java:378)
	at org.apache.pig.backend.hadoop.executionengine.physicalLayer.relationalOperators.POForEach.getNextTuple(POForEach.java:298)
	at org.apache.pig.backend.hadoop.executionengine.physicalLayer.PhysicalOperator.processInput(PhysicalOperator.java:281)
Caused by: java.lang.NumberFormatException: For input string: "Mark P. O. Morford"
	at java.lang.NumberFormatException.forInputString(NumberFormatException.java:65)
	at java.lang.Integer.parseInt(Integer.java:492)
	at java.lang.Integer.valueOf(Integer.java:582)
	at org.apache.pig.data.DataType.toInteger(DataType.java:758)
================================================================================
Pig Stack Trace
---------------
ERROR 1066: Unable to open iterator for alias Count_By_Rating

org.apache.pig.impl.logicalLayer.FrontendException: ERROR 1066: Unable to open iterator for alias Count_By_Rating
	at org.apache.pig.PigServer.openIterator(PigServer.java:880)
	at org.apache.pig.tools.grunt.GruntParser.processDump(GruntParser.java:774)
	at org.apache.pig.tools.pigscript.parser.PigScriptParser.parse(PigScriptParser.java:372)
	at org.apache.pig.tools.grunt.GruntParser.parseStopOnError(GruntParser.java:198)
	at org.apache.pig.tools.grunt.GruntParser.parseStopOnError(GruntParser.java:173)
	at org.apache.pig.tools.grunt.Grunt.run(Grunt.java:69)
	at org.apache.pig.Main.run(Main.java:541)
	at org.apache.pig.Main.main(Main.java:156)
	at sun.reflect.NativeMethodAccessorImpl.invoke0(Native Method)
	at sun.reflect.NativeMethodAccessorImpl.invoke(NativeMethodAccessorImpl.java:57)
	at sun.reflect.DelegatingMethodAccessorImpl.invoke(DelegatingMethodAccessorImpl.java:43)
	at java.lang.reflect.Method.invoke(Method.java:606)
	at org.apache.hadoop.util.RunJar.main(RunJar.java:212)
Caused by: java.io.IOException: Couldn't retrieve job.
	at org.apache.pig.PigServer.store(PigServer.java:944)
	at org.apache.pig.PigServer.openIterator(PigServer.java:855)
	... 12 more
================================================================================
